2026-04-21 15:23:33 | INFO | Logging started. Log file: C:\Users\Manas\OneDrive\Desktop\Trading-bot\logs\trading_bot.log
2026-04-21 15:23:33 | INFO | Binance client ready in DEMO mode (simulated orders)
2026-04-21 15:23:33 | INFO | Placing MARKET BUY order for BTCUSDT, quantity: 0.001
2026-04-21 15:23:33 | INFO | Placing MARKET BUY order for BTCUSDT (qty: 0.001, price: None)
2026-04-21 15:23:33 | INFO | DEMO order response: {'orderId': 6143150, 'symbol': 'BTCUSDT', 'status': 'FILLED', 'clientOrderId': 'demo_1776765213311', 'price': '0.00', 'avgPrice': '76265.0', 'origQty': '0.001', 'executedQty': '0.001', 'cumQuote': '76.27', 'timeInForce': 'GTC', 'type': 'MARKET', 'side': 'BUY', 'updateTime': 1776765213311}
2026-04-21 15:23:33 | INFO | Order result: {'orderId': 6143150, 'symbol': 'BTCUSDT', 'side': 'BUY', 'type': 'MARKET', 'status': 'FILLED', 'quantity': '0.001', 'executedQty': '0.001', 'price': '0.00', 'avgPrice': '76265.0'}
2026-04-21 15:23:33 | INFO | Order completed! Order ID: 6143150
2026-04-21 15:23:47 | INFO | Logging started. Log file: C:\Users\Manas\OneDrive\Desktop\Trading-bot\logs\trading_bot.log
2026-04-21 15:23:47 | INFO | Binance client ready in DEMO mode (simulated orders)
2026-04-21 15:23:47 | INFO | Placing LIMIT SELL order for ETHUSDT, quantity: 0.05, price: 1800.0
2026-04-21 15:23:47 | INFO | Placing LIMIT SELL order for ETHUSDT (qty: 0.05, price: 1800.0)
2026-04-21 15:23:48 | INFO | DEMO order response: {'orderId': 7370691, 'symbol': 'ETHUSDT', 'status': 'NEW', 'clientOrderId': 'demo_1776765227656', 'price': '1800.0', 'avgPrice': '2323.58', 'origQty': '0.05', 'executedQty': '0', 'cumQuote': '116.18', 'timeInForce': 'GTC', 'type': 'LIMIT', 'side': 'SELL', 'updateTime': 1776765227656}
2026-04-21 15:23:48 | INFO | Order result: {'orderId': 7370691, 'symbol': 'ETHUSDT', 'side': 'SELL', 'type': 'LIMIT', 'status': 'NEW', 'quantity': '0.05', 'executedQty': '0', 'price': '1800.0', 'avgPrice': '2323.58'}
2026-04-21 15:23:48 | INFO | Order completed! Order ID: 7370691
2026-04-21 15:26:41 | INFO | Logging started. Log file: C:\Users\Manas\OneDrive\Desktop\Trading-bot\logs\trading_bot.log
2026-04-21 15:26:41 | INFO | Binance client ready in DEMO mode (simulated orders)
2026-04-21 15:26:41 | INFO | Placing MARKET BUY order for BTCUSDT, quantity: 0.001
2026-04-21 15:26:41 | INFO | Placing MARKET BUY order for BTCUSDT (qty: 0.001, price: None)
2026-04-21 15:26:42 | INFO | DEMO order response: {'orderId': 3854851, 'symbol': 'BTCUSDT', 'status': 'FILLED', 'clientOrderId': 'demo_1776765401859', 'price': '0.00', 'avgPrice': '76287.1', 'origQty': '0.001', 'executedQty': '0.001', 'cumQuote': '76.29', 'timeInForce': 'GTC', 'type': 'MARKET', 'side': 'BUY', 'updateTime': 1776765401859}
2026-04-21 15:26:42 | INFO | Order result: {'orderId': 3854851, 'symbol': 'BTCUSDT', 'side': 'BUY', 'type': 'MARKET', 'status': 'FILLED', 'quantity': '0.001', 'executedQty': '0.001', 'price': '0.00', 'avgPrice': '76287.1'}
2026-04-21 15:26:42 | INFO | Order completed! Order ID: 3854851
2026-04-21 15:26:53 | INFO | Logging started. Log file: C:\Users\Manas\OneDrive\Desktop\Trading-bot\logs\trading_bot.log
2026-04-21 15:26:53 | INFO | Binance client ready in DEMO mode (simulated orders)
2026-04-21 15:26:53 | INFO | Placing LIMIT SELL order for ETHUSDT, quantity: 0.1, price: 2500.0
2026-04-21 15:26:53 | INFO | Placing LIMIT SELL order for ETHUSDT (qty: 0.1, price: 2500.0)
2026-04-21 15:26:54 | INFO | DEMO order response: {'orderId': 2889992, 'symbol': 'ETHUSDT', 'status': 'NEW', 'clientOrderId': 'demo_1776765413974', 'price': '2500.0', 'avgPrice': '2323.04', 'origQty': '0.1', 'executedQty': '0', 'cumQuote': '232.3', 'timeInForce': 'GTC', 'type': 'LIMIT', 'side': 'SELL', 'updateTime': 1776765413974}
2026-04-21 15:26:54 | INFO | Order result: {'orderId': 2889992, 'symbol': 'ETHUSDT', 'side': 'SELL', 'type': 'LIMIT', 'status': 'NEW', 'quantity': '0.1', 'executedQty': '0', 'price': '2500.0', 'avgPrice': '2323.04'}
2026-04-21 15:26:54 | INFO | Order completed! Order ID: 2889992
